2022-10-12 17:45:44,733 - __main__ - INFO - API status: Api keys not available
2022-10-12 17:45:48,435 - __main__ - INFO - Exported. That's all folks!
2022-10-12 17:46:38,801 - __main__ - INFO - API status: Api keys not available
2022-10-12 17:46:41,391 - __main__ - INFO - Exported. That's all folks!
2022-10-13 12:00:01,380 - __main__ - INFO - API status: API keys ingested
2022-10-13 12:00:01,380 - __main__ - INFO - Getting data from EPIVERSE TRACE Airtables
2022-10-13 12:00:02,667 - __main__ - INFO - Carrying out data wrangling steps...
2022-10-13 12:00:02,679 - __main__ - INFO - Building graph ...
2022-10-13 12:00:03,184 - __main__ - INFO - Exported. That's all folks!
2022-10-18 14:57:56,195 - __main__ - INFO - API status: API keys ingested
2022-10-18 14:57:56,195 - __main__ - INFO - Getting data from EPIVERSE TRACE Airtables
2022-10-18 14:57:57,106 - __main__ - INFO - Carrying out data wrangling steps...
2022-10-18 14:57:57,126 - __main__ - INFO - Building graph ...
2022-10-18 14:57:57,842 - __main__ - INFO - Exported. That's all folks!
2022-10-19 11:58:36,748 - __main__ - INFO - API status: API keys ingested
2022-10-19 11:58:36,748 - __main__ - INFO - Getting data from EPIVERSE TRACE Airtables
2022-10-19 11:58:38,559 - __main__ - INFO - Carrying out data wrangling steps...
2022-10-19 11:58:38,579 - __main__ - INFO - Building graph ...
2022-10-19 11:58:39,327 - __main__ - INFO - Exported. That's all folks!
2022-11-01 01:16:42,506 - __main__ - INFO - API status: API keys ingested
2022-11-01 01:16:42,506 - __main__ - INFO - Getting data from EPIVERSE TRACE Airtables
2022-11-01 01:16:43,825 - __main__ - INFO - Carrying out data wrangling steps...
2022-11-01 01:16:43,838 - __main__ - INFO - Building graph ...
2022-11-01 01:16:44,346 - __main__ - INFO - Exported. That's all folks!
2022-12-01 00:59:49,234 - __main__ - INFO - API status: API keys ingested
2022-12-01 00:59:49,235 - __main__ - INFO - Getting data from EPIVERSE TRACE Airtables
2022-12-01 00:59:51,363 - __main__ - INFO - Carrying out data wrangling steps...
2022-12-01 00:59:51,377 - __main__ - INFO - Building graph ...
2022-12-01 00:59:51,890 - __main__ - INFO - Exported. That's all folks!
2023-01-01 00:56:48,486 - __main__ - INFO - API status: API keys ingested
2023-01-01 00:56:48,486 - __main__ - INFO - Getting data from EPIVERSE TRACE Airtables
2023-01-01 00:56:50,583 - __main__ - INFO - Carrying out data wrangling steps...
2023-01-01 00:56:50,606 - __main__ - INFO - Building graph ...
2023-01-01 00:56:51,391 - __main__ - INFO - Exported. That's all folks!
